0 info it worked if it ends with ok
1 verbose cli [ 'D:\\nodejs\\\\node.exe',
1 verbose cli   'D:\\nodejs\\node_modules\\npm\\bin\\npm-cli.js',
1 verbose cli   'install' ]
2 info using npm@1.4.28
3 info using node@v0.10.33
4 verbose node symlink D:\nodejs\\node.exe
5 verbose readDependencies using package.json deps
6 verbose install where, deps [ 'C:\\Bitnami\\wampstack-5.4.37-0\\apache2\\htdocs\\face_angular',
6 verbose install   [ 'grunt',
6 verbose install     'grunt-bower-install-simple',
6 verbose install     'grunt-bump',
6 verbose install     'grunt-changelog',
6 verbose install     'grunt-contrib-clean',
6 verbose install     'grunt-contrib-concat',
6 verbose install     'grunt-contrib-copy',
6 verbose install     'grunt-contrib-htmlmin',
6 verbose install     'grunt-contrib-uglify',
6 verbose install     'grunt-recess',
6 verbose install     'gruntfile-gtx',
6 verbose install     'http-server',
6 verbose install     'require-directory',
6 verbose install     'express' ] ]
7 info preinstall BootstrapAngularAdminWebApp@1.3.3
8 verbose readDependencies using package.json deps
9 verbose already installed skipping grunt@^0.4.5 C:\Bitnami\wampstack-5.4.37-0\apache2\htdocs\face_angular
10 verbose already installed skipping grunt-bower-install-simple@^0.9.3 C:\Bitnami\wampstack-5.4.37-0\apache2\htdocs\face_angular
11 verbose already installed skipping grunt-bump@0.0.15 C:\Bitnami\wampstack-5.4.37-0\apache2\htdocs\face_angular
12 verbose already installed skipping grunt-changelog@^0.2.2 C:\Bitnami\wampstack-5.4.37-0\apache2\htdocs\face_angular
13 verbose already installed skipping grunt-contrib-clean@^0.6.0 C:\Bitnami\wampstack-5.4.37-0\apache2\htdocs\face_angular
14 verbose already installed skipping grunt-contrib-concat@^0.5.0 C:\Bitnami\wampstack-5.4.37-0\apache2\htdocs\face_angular
15 verbose already installed skipping grunt-contrib-copy@^0.5.0 C:\Bitnami\wampstack-5.4.37-0\apache2\htdocs\face_angular
16 verbose already installed skipping grunt-contrib-htmlmin@^0.3.0 C:\Bitnami\wampstack-5.4.37-0\apache2\htdocs\face_angular
17 verbose already installed skipping grunt-contrib-uglify@^0.5.1 C:\Bitnami\wampstack-5.4.37-0\apache2\htdocs\face_angular
18 verbose already installed skipping grunt-recess@^1.0.0 C:\Bitnami\wampstack-5.4.37-0\apache2\htdocs\face_angular
19 verbose already installed skipping gruntfile-gtx@^0.3.0 C:\Bitnami\wampstack-5.4.37-0\apache2\htdocs\face_angular
20 verbose already installed skipping http-server@^0.6.1 C:\Bitnami\wampstack-5.4.37-0\apache2\htdocs\face_angular
21 verbose already installed skipping require-directory@^2.0.0 C:\Bitnami\wampstack-5.4.37-0\apache2\htdocs\face_angular
22 verbose cache add [ 'express@~3.x', null ]
23 verbose cache add name=undefined spec="express@~3.x" args=["express@~3.x",null]
24 verbose parsed url { protocol: null,
24 verbose parsed url   slashes: null,
24 verbose parsed url   auth: null,
24 verbose parsed url   host: null,
24 verbose parsed url   port: null,
24 verbose parsed url   hostname: null,
24 verbose parsed url   hash: null,
24 verbose parsed url   search: null,
24 verbose parsed url   query: null,
24 verbose parsed url   pathname: 'express@~3.x',
24 verbose parsed url   path: 'express@~3.x',
24 verbose parsed url   href: 'express@~3.x' }
25 verbose cache add name="express" spec="~3.x" args=["express","~3.x"]
26 verbose parsed url { protocol: null,
26 verbose parsed url   slashes: null,
26 verbose parsed url   auth: null,
26 verbose parsed url   host: null,
26 verbose parsed url   port: null,
26 verbose parsed url   hostname: null,
26 verbose parsed url   hash: null,
26 verbose parsed url   search: null,
26 verbose parsed url   query: null,
26 verbose parsed url   pathname: '~3.x',
26 verbose parsed url   path: '~3.x',
26 verbose parsed url   href: '~3.x' }
27 verbose addNamed [ 'express', '~3.x' ]
28 verbose addNamed [ null, '>=3.0.0-0 <4.0.0-0' ]
29 silly lockFile 891205a3-express-3-x express@~3.x
30 verbose lock express@~3.x C:\Users\faguilar\AppData\Roaming\npm-cache\891205a3-express-3-x.lock
31 silly addNameRange { name: 'express', range: '>=3.0.0-0 <4.0.0-0', hasData: false }
32 verbose request where is /express
33 verbose request registry http://registry.npmjs.org/
34 verbose request id b6ee52dd382663c4
35 verbose url raw /express
36 verbose url resolving [ 'http://registry.npmjs.org/', './express' ]
37 verbose url resolved http://registry.npmjs.org/express
38 verbose request where is http://registry.npmjs.org/express
39 info trying registry request attempt 1 at 12:24:30
40 http GET http://registry.npmjs.org/express
41 http 407 http://registry.npmjs.org/express
42 verbose bad json <!DOCTYPE HTML PUBLIC "-//W3C//DTD HTML 4.0 Transitional//EN">
42 verbose bad json <HTML><HEAD><TITLE>Error Message</TITLE>
42 verbose bad json <META http-equiv=Content-Type content="text/html; charset=UTF-8">
42 verbose bad json <STYLE id=L_default_1>A {
42 verbose bad json 	FONT-WEIGHT: bold; FONT-SIZE: 10pt; COLOR: #005a80; FONT-FAMILY: tahoma
42 verbose bad json }
42 verbose bad json A:hover {
42 verbose bad json 	FONT-WEIGHT: bold; FONT-SIZE: 10pt; COLOR: #0d3372; FONT-FAMILY: tahoma
42 verbose bad json }
42 verbose bad json TD {
42 verbose bad json 	FONT-SIZE: 8pt; FONT-FAMILY: tahoma
42 verbose bad json }
42 verbose bad json TD.titleBorder {
42 verbose bad json 	BORDER-RIGHT: #955319 1px solid; BORDER-TOP: #955319 1px solid; PADDING-LEFT: 8px; FONT-WEIGHT: bold; FONT-SIZE: 12pt; VERTICAL-ALIGN: middle; BORDER-LEFT: #955319 0px solid; COLOR: #955319; BORDER-BOTTOM: #955319 1px solid; FONT-FAMILY: tahoma; HEIGHT: 35px; BACKGROUND-COLOR: #d2b87a; TEXT-ALIGN: left
42 verbose bad json }
42 verbose bad json TD.titleBorder_x {
42 verbose bad json 	BORDER-RIGHT: #955319 0px solid; BORDER-TOP: #955319 1px solid; PADDING-LEFT: 8px; FONT-WEIGHT: bold; FONT-SIZE: 12pt; VERTICAL-ALIGN: middle; BORDER-LEFT: #955319 1px solid; COLOR: #978c79; BORDER-BOTTOM: #955319 1px solid; FONT-FAMILY: tahoma; HEIGHT: 35px; BACKGROUND-COLOR: #d2b87a; TEXT-ALIGN: left
42 verbose bad json }
42 verbose bad json .TitleDescription {
42 verbose bad json 	FONT-WEIGHT: bold; FONT-SIZE: 12pt; COLOR: black; FONT-FAMILY: tahoma
42 verbose bad json }
42 verbose bad json SPAN.explain {
42 verbose bad json 	FONT-WEIGHT: normal; FONT-SIZE: 10pt; COLOR: #934225
42 verbose bad json }
42 verbose bad json SPAN.TryThings {
42 verbose bad json 	FONT-WEIGHT: normal; FONT-SIZE: 10pt; COLOR: #934225
42 verbose bad json }
42 verbose bad json .TryList {
42 verbose bad json 	MARGIN-TOP: 5px; FONT-WEIGHT: normal; FONT-SIZE: 8pt; COLOR: black; FONT-FAMILY: tahoma
42 verbose bad json }
42 verbose bad json .X {
42 verbose bad json 	BORDER-RIGHT: #955319 1px solid; BORDER-TOP: #955319 1px solid; FONT-WEIGHT: normal; FONT-SIZE: 12pt; BORDER-LEFT: #955319 1px solid; COLOR: #7b3807; BORDER-BOTTOM: #955319 1px solid; FONT-FAMILY: verdana; BACKGROUND-COLOR: #d1c2b4
42 verbose bad json }
42 verbose bad json .adminList {
42 verbose bad json 	MARGIN-TOP: 2px
42 verbose bad json }
42 verbose bad json </STYLE>
42 verbose bad json <META content="MSHTML 6.00.2800.1170" name=GENERATOR></HEAD>
42 verbose bad json <BODY bgColor=#f3f3ed>
42 verbose bad json <TABLE cellSpacing=0 cellPadding=0 width="100%">
42 verbose bad json   <TBODY>
42 verbose bad json   <TR>
42 verbose bad json     <TD class=titleborder_x width=30>
42 verbose bad json       <TABLE height=25 cellSpacing=2 cellPadding=0 width=25 bgColor=black>
42 verbose bad json         <TBODY>
42 verbose bad json         <TR>
42 verbose bad json           <TD class=x vAlign=center align=middle>X</TD>
42 verbose bad json         </TR>
42 verbose bad json         </TBODY>
42 verbose bad json       </TABLE>
42 verbose bad json     </TD>
42 verbose bad json     <TD class=titleBorder id=L_default_2>Network Access Message:<SPAN class=TitleDescription> The page cannot be displayed</SPAN> </TD>
42 verbose bad json   </TR>
42 verbose bad json   </TBODY>
42 verbose bad json </TABLE>
42 verbose bad json
42 verbose bad json <TABLE id=spacer>
42 verbose bad json   <TBODY>
42 verbose bad json   <TR>
42 verbose bad json     <TD height=10></TD></TR></TBODY></TABLE>
42 verbose bad json <TABLE width=400>
42 verbose bad json   <TBODY>
42 verbose bad json   <TR>
42 verbose bad json     <TD noWrap width=25></TD>
42 verbose bad json     <TD width=400><SPAN class=explain><ID id=L_default_3><B>Explanation:</B></ID></SPAN><ID id=L_default_4> There is a problem with the page you are trying to reach and it cannot be displayed. </ID><BR><BR>
42 verbose bad json     <B><SPAN class=tryThings><ID id=L_default_5><B>Try the following:</B></ID></SPAN></B>
42 verbose bad json       <UL class=TryList>
42 verbose bad json         <LI id=L_default_6><B>Refresh page:</B> Search for the page again by clicking the Refresh button. The timeout may have occurred due to Internet congestion.
42 verbose bad json <LI id=L_default_7><B>Check spelling:</B> Check that you typed the Web page address correctly. The address may have been mistyped.
42 verbose bad json <LI id=L_default_8><B>Access from a link:</B> If there is a link to the page you are looking for, try accessing the page from that link.
42 verbose bad json
42 verbose bad json       </UL>
42 verbose bad json <ID id=L_default_9>If you are still not able to view the requested page, try contacting your administrator or Helpdesk.</ID> <BR><BR>
42 verbose bad json     </TD>
42 verbose bad json   </TR>
42 verbose bad json   </TBODY>
42 verbose bad json </TABLE>
42 verbose bad json
42 verbose bad json <TABLE id=spacer><TBODY><TR><TD height=15></TD></TR></TBODY></TABLE>
42 verbose bad json
42 verbose bad json <TABLE width=400>
42 verbose bad json   <TBODY>
42 verbose bad json   <TR>
42 verbose bad json     <TD noWrap width=25></TD>
42 verbose bad json     <TD width=400 id=L_default_10><B>Technical Information (for support personnel)</B>
42 verbose bad json       <UL class=adminList>
42 verbose bad json         <LI id=L_default_11>Error Code: 407 Proxy Authentication Required. The ISA Server requires authorization to fulfill the request. Access to the Web Proxy service is denied. (12209)
42 verbose bad json <LI id=L_default_12>IP Address: 10.100.100.178
42 verbose bad json <LI id=L_default_13>Date: 3/17/2015 4:24:30 PM
42 verbose bad json <LI id=L_default_14>Server: omega6.aduana.gob.bo
42 verbose bad json <LI id=L_default_15>Source: proxy
42 verbose bad json
42 verbose bad json       </UL>
42 verbose bad json     </TD>
42 verbose bad json   </TR>
42 verbose bad json   </TBODY>
42 verbose bad json </TABLE>
42 verbose bad json
42 verbose bad json </BODY>
42 verbose bad json </HTML>
43 error registry error parsing json
44 verbose headers { via: '1.1 OMEGA6',
44 verbose headers   'proxy-authenticate': 'Negotiate, Kerberos, NTLM, Basic realm="omega6.aduana.gob.bo"',
44 verbose headers   connection: 'close',
44 verbose headers   'proxy-connection': 'close',
44 verbose headers   pragma: 'no-cache',
44 verbose headers   'cache-control': 'no-cache',
44 verbose headers   'content-type': 'text/html',
44 verbose headers   'content-length': '4110  ' }
45 silly registry.get cb [ 407,
45 silly registry.get   { via: '1.1 OMEGA6',
45 silly registry.get     'proxy-authenticate': 'Negotiate, Kerberos, NTLM, Basic realm="omega6.aduana.gob.bo"',
45 silly registry.get     connection: 'close',
45 silly registry.get     'proxy-connection': 'close',
45 silly registry.get     pragma: 'no-cache',
45 silly registry.get     'cache-control': 'no-cache',
45 silly registry.get     'content-type': 'text/html',
45 silly registry.get     'content-length': '4110  ' } ]
46 silly lockFile 891205a3-express-3-x express@~3.x
47 silly lockFile 891205a3-express-3-x express@~3.x
48 error SyntaxError: Unexpected token <
48 error <!DOCTYPE HTML PUBLIC "-//W3C//DTD HTML 4.0 Transitional//EN">
48 error <HTML><HEAD><TITLE>Error Message</TITLE>
48 error <META http-equiv=Content-Type content="text/html; charset=UTF-8">
48 error <STYLE id=L_default_1>A {
48 error 	FONT-WEIGHT: bold; FONT-SIZE: 10pt; COLOR: #005a80; FONT-FAMILY: tahoma
48 error }
48 error A:hover {
48 error 	FONT-WEIGHT: bold; FONT-SIZE: 10pt; COLOR: #0d3372; FONT-FAMILY: tahoma
48 error }
48 error TD {
48 error 	FONT-SIZE: 8pt; FONT-FAMILY: tahoma
48 error }
48 error TD.titleBorder {
48 error 	BORDER-RIGHT: #955319 1px solid; BORDER-TOP: #955319 1px solid; PADDING-LEFT: 8px; FONT-WEIGHT: bold; FONT-SIZE: 12pt; VERTICAL-ALIGN: middle; BORDER-LEFT: #955319 0px solid; COLOR: #955319; BORDER-BOTTOM: #955319 1px solid; FONT-FAMILY: tahoma; HEIGHT: 35px; BACKGROUND-COLOR: #d2b87a; TEXT-ALIGN: left
48 error }
48 error TD.titleBorder_x {
48 error 	BORDER-RIGHT: #955319 0px solid; BORDER-TOP: #955319 1px solid; PADDING-LEFT: 8px; FONT-WEIGHT: bold; FONT-SIZE: 12pt; VERTICAL-ALIGN: middle; BORDER-LEFT: #955319 1px solid; COLOR: #978c79; BORDER-BOTTOM: #955319 1px solid; FONT-FAMILY: tahoma; HEIGHT: 35px; BACKGROUND-COLOR: #d2b87a; TEXT-ALIGN: left
48 error }
48 error .TitleDescription {
48 error 	FONT-WEIGHT: bold; FONT-SIZE: 12pt; COLOR: black; FONT-FAMILY: tahoma
48 error }
48 error SPAN.explain {
48 error 	FONT-WEIGHT: normal; FONT-SIZE: 10pt; COLOR: #934225
48 error }
48 error SPAN.TryThings {
48 error 	FONT-WEIGHT: normal; FONT-SIZE: 10pt; COLOR: #934225
48 error }
48 error .TryList {
48 error 	MARGIN-TOP: 5px; FONT-WEIGHT: normal; FONT-SIZE: 8pt; COLOR: black; FONT-FAMILY: tahoma
48 error }
48 error .X {
48 error 	BORDER-RIGHT: #955319 1px solid; BORDER-TOP: #955319 1px solid; FONT-WEIGHT: normal; FONT-SIZE: 12pt; BORDER-LEFT: #955319 1px solid; COLOR: #7b3807; BORDER-BOTTOM: #955319 1px solid; FONT-FAMILY: verdana; BACKGROUND-COLOR: #d1c2b4
48 error }
48 error .adminList {
48 error 	MARGIN-TOP: 2px
48 error }
48 error </STYLE>
48 error <META content="MSHTML 6.00.2800.1170" name=GENERATOR></HEAD>
48 error <BODY bgColor=#f3f3ed>
48 error <TABLE cellSpacing=0 cellPadding=0 width="100%">
48 error   <TBODY>
48 error   <TR>
48 error     <TD class=titleborder_x width=30>
48 error       <TABLE height=25 cellSpacing=2 cellPadding=0 width=25 bgColor=black>
48 error         <TBODY>
48 error         <TR>
48 error           <TD class=x vAlign=center align=middle>X</TD>
48 error         </TR>
48 error         </TBODY>
48 error       </TABLE>
48 error     </TD>
48 error     <TD class=titleBorder id=L_default_2>Network Access Message:<SPAN class=TitleDescription> The page cannot be displayed</SPAN> </TD>
48 error   </TR>
48 error   </TBODY>
48 error </TABLE>
48 error
48 error <TABLE id=spacer>
48 error   <TBODY>
48 error   <TR>
48 error     <TD height=10></TD></TR></TBODY></TABLE>
48 error <TABLE width=400>
48 error   <TBODY>
48 error   <TR>
48 error     <TD noWrap width=25></TD>
48 error     <TD width=400><SPAN class=explain><ID id=L_default_3><B>Explanation:</B></ID></SPAN><ID id=L_default_4> There is a problem with the page you are trying to reach and it cannot be displayed. </ID><BR><BR>
48 error     <B><SPAN class=tryThings><ID id=L_default_5><B>Try the following:</B></ID></SPAN></B>
48 error       <UL class=TryList>
48 error         <LI id=L_default_6><B>Refresh page:</B> Search for the page again by clicking the Refresh button. The timeout may have occurred due to Internet congestion.
48 error <LI id=L_default_7><B>Check spelling:</B> Check that you typed the Web page address correctly. The address may have been mistyped.
48 error <LI id=L_default_8><B>Access from a link:</B> If there is a link to the page you are looking for, try accessing the page from that link.
48 error
48 error       </UL>
48 error <ID id=L_default_9>If you are still not able to view the requested page, try contacting your administrator or Helpdesk.</ID> <BR><BR>
48 error     </TD>
48 error   </TR>
48 error   </TBODY>
48 error </TABLE>
48 error
48 error <TABLE id=spacer><TBODY><TR><TD height=15></TD></TR></TBODY></TABLE>
48 error
48 error <TABLE width=400>
48 error   <TBODY>
48 error   <TR>
48 error     <TD noWrap width=25></TD>
48 error     <TD width=400 id=L_default_10><B>Technical Information (for support personnel)</B>
48 error       <UL class=adminList>
48 error         <LI id=L_default_11>Error Code: 407 Proxy Authentication Required. The ISA Server requires authorization to fulfill the request. Access to the Web Proxy service is denied. (12209)
48 error <LI id=L_default_12>IP Address: 10.100.100.178
48 error <LI id=L_default_13>Date: 3/17/2015 4:24:30 PM
48 error <LI id=L_default_14>Server: omega6.aduana.gob.bo
48 error <LI id=L_default_15>Source: proxy
48 error
48 error       </UL>
48 error     </TD>
48 error   </TR>
48 error   </TBODY>
48 error </TABLE>
48 error
48 error </BODY>
48 error </HTML>
48 error
48 error
48 error     at Object.parse (native)
48 error     at RegClient.<anonymous> (D:\nodejs\node_modules\npm\node_modules\npm-registry-client\lib\request.js:274:23)
48 error     at Request._callback (D:\nodejs\node_modules\npm\node_modules\npm-registry-client\lib\request.js:246:65)
48 error     at Request.self.callback (D:\nodejs\node_modules\npm\node_modules\request\request.js:236:22)
48 error     at Request.emit (events.js:98:17)
48 error     at Request.<anonymous> (D:\nodejs\node_modules\npm\node_modules\request\request.js:1142:14)
48 error     at Request.emit (events.js:117:20)
48 error     at IncomingMessage.<anonymous> (D:\nodejs\node_modules\npm\node_modules\request\request.js:1096:12)
48 error     at IncomingMessage.emit (events.js:117:20)
48 error     at _stream_readable.js:943:16
49 error If you need help, you may report this *entire* log,
49 error including the npm and node versions, at:
49 error     <http://github.com/npm/npm/issues>
50 error System Windows_NT 6.2.9200
51 error command "D:\\nodejs\\\\node.exe" "D:\\nodejs\\node_modules\\npm\\bin\\npm-cli.js" "install"
52 error cwd C:\Bitnami\wampstack-5.4.37-0\apache2\htdocs\face_angular
53 error node -v v0.10.33
54 error npm -v 1.4.28
55 error type unexpected_token
56 verbose exit [ 1, true ]
